<?xml version="1.0" encoding="UTF-8"?>
<!-- Generated by org.testng.reporters.JUnitReportReporter -->
<testsuite hostname="DESKTOP-DBQH5MO" failures="0" tests="1" name="selenium.testng.Parametrization" time="7.103" errors="0" timestamp="2021-02-20T13:32:46 CST" skipped="0">
  <testcase classname="selenium.testng.Parametrization" name="parametersTest" time="7.103"/>
  <system-out/>
</testsuite> <!-- selenium.testng.Parametrization -->
