<?xml version="1.0" encoding="UTF-8"?>
<!-- Generated by org.testng.reporters.JUnitReportReporter -->
<testsuite hostname="DESKTOP-DBQH5MO" failures="0" tests="1" name="test.java.selenium.testng.TestNGIntro" time="4.720" errors="0" timestamp="2021-02-15T14:37:28 CST" skipped="0">
  <testcase classname="test.java.selenium.testng.TestNGIntro" name="test1" time="4.720"/>
  <system-out/>
</testsuite> <!-- test.java.selenium.testng.TestNGIntro -->
